<?xml version="1.0" encoding="utf-8"?>
<!DOCTYPE hibernate-configuration PUBLIC
        "-//Hibernate/Hibernate Configuration DTD 3.0//EN"
        "http://www.hibernate.org/dtd/hibernate-configuration-3.0.dtd">

<hibernate-configuration>

    <session-factory>
        <mapping resource="EntityMapping.hbm.xml"/>
        <mapping resource="EntityMappingType.hbm.xml"/>
        <mapping resource="Episode.hbm.xml"/>
        <mapping resource="DataIntegrityRule.hbm.xml"/>
        <mapping resource="DataIntegrityResult.hbm.xml"/>
        <mapping resource="LocationEncounterTypeMap.hbm.xml"/>
        <mapping resource="ProgramAttributeType.hbm.xml"/>
    </session-factory>

</hibernate-configuration>
